0 info it worked if it ends with ok
1 verbose cli [ '/usr/local/Cellar/node/5.10.0/bin/node',
1 verbose cli   '/usr/local/bin/npm',
1 verbose cli   'publish' ]
2 info using npm@3.8.3
3 info using node@v5.10.0
4 verbose publish [ '.' ]
5 silly cache add args [ '.', null ]
6 verbose cache add spec .
7 silly cache add parsed spec Result {
7 silly cache add   raw: '.',
7 silly cache add   scope: null,
7 silly cache add   name: null,
7 silly cache add   rawSpec: '.',
7 silly cache add   spec: '/Users/danparker/rn-search-bar',
7 silly cache add   type: 'directory' }
8 verbose addLocalDirectory /Users/danparker/.npm/rn-search-bar/1.0.0/package.tgz not in flight; packing
9 verbose correctMkdir /Users/danparker/.npm correctMkdir not in flight; initializing
10 info lifecycle rn-search-bar@1.0.0~prepublish: rn-search-bar@1.0.0
11 silly lifecycle rn-search-bar@1.0.0~prepublish: no script for prepublish, continuing
12 verbose tar pack [ '/Users/danparker/.npm/rn-search-bar/1.0.0/package.tgz',
12 verbose tar pack   '/Users/danparker/rn-search-bar' ]
13 verbose tarball /Users/danparker/.npm/rn-search-bar/1.0.0/package.tgz
14 verbose folder /Users/danparker/rn-search-bar
15 verbose addLocalTarball adding from inside cache /Users/danparker/.npm/rn-search-bar/1.0.0/package.tgz
16 verbose correctMkdir /Users/danparker/.npm correctMkdir not in flight; initializing
17 silly cache afterAdd rn-search-bar@1.0.0
18 verbose afterAdd /Users/danparker/.npm/rn-search-bar/1.0.0/package/package.json not in flight; writing
19 verbose correctMkdir /Users/danparker/.npm correctMkdir not in flight; initializing
20 verbose afterAdd /Users/danparker/.npm/rn-search-bar/1.0.0/package/package.json written
21 silly publish { name: 'rn-search-bar',
21 silly publish   version: '1.0.0',
21 silly publish   description: 'react native search bar',
21 silly publish   main: 'SearchBar.js',
21 silly publish   scripts: { test: 'echo "Error: no test specified" && exit 1' },
21 silly publish   repository:
21 silly publish    { type: 'git',
21 silly publish      url: 'git+https://github.com/parkerdan/rn-search-bar.git' },
21 silly publish   keywords: [ 'react-native', 'search-bar' ],
21 silly publish   author: { name: 'Dan Parker' },
21 silly publish   license: 'MIT',
21 silly publish   bugs: { url: 'https://github.com/parkerdan/rn-search-bar/issues' },
21 silly publish   homepage: 'https://github.com/parkerdan/rn-search-bar#readme',
21 silly publish   readme: '# RN-Search-Bar\n<br>\n### Uses `react-native-vector-icons/FontAwesome` as the icon source.\n<br>\n##### You must have `react-native-vector-icons` installed and linked for this to work\n<br>  \n\n* `npm install react-native-vector-icons --save`\n* `react-native link react-native-vector-icons`\n* `npm install rn-search-bar --save`\n\n<br>\n![Example One](./SearchExTwo.png "Two Icons")\n\n![Example One](./SearchExOne.png "Two Icons")\n\n\n\n\n```js\nimport React, { Component } from \'react\';\n\nimport SearchBar from \'rn-search-bar\';\n\nclass SearchBarExampleOne extends Component {\n  render(){\n    return(\n      <SearchBar\n        onPress={\n          () => console.log(\'Do Stuff\')\n        }\n        containerStyle={{\n          height:50,\n          borderTopWidth:1,\n          borderBottomWidth:1\n        }}\n        clearTextOnPress={true}\n        renderLeftIcon={true}\n        searchIconSize={15}\n        searchIconColor={\'deeppink\'}\n        searchIconBackgroundColor={\'aqua\'}\n        leftIconColor={\'rgba(152,152,152,.7)\'}\n        leftIconSize={12}\n        textStyle={{\n          color: \'cyan\'\n        }}\n      />\n    )\n  };\n\nclass SearchBarExampleTwo extends Component {\n  render(){\n    return(\n      <SearchBar\n        onPress={\n          () => console.log(\'Do Stuff\')\n        }\n        containerStyle={{\n          height:50,\n          marginHorizontal: 10,\n          borderRadius: 5,\n          borderColor: \'purple\',\n          borderWidth: 1\n        }}\n        clearTextOnPress={false}\n        renderLeftIcon={false}\n        searchIconSize={20}\n        searchIconColor={\'deeppink\'}\n        searchIconBackgroundColor={\'aqua\'}\n        textStyle={{\n          color: \'cyan\',\n          paddingLeft: 10\n        }}\n      />\n    )\n  };\n}\n```\n',
21 silly publish   readmeFilename: 'README.md',
21 silly publish   gitHead: 'f9496c1df641a1272eb85ce6afeff8a19c18c4d2',
21 silly publish   _id: 'rn-search-bar@1.0.0',
21 silly publish   _shasum: 'd74230dc2e5dd5821a925d78b5bc48fdc7b15fe3',
21 silly publish   _from: '.' }
22 verbose getPublishConfig undefined
23 silly mapToRegistry name rn-search-bar
24 silly mapToRegistry using default registry
25 silly mapToRegistry registry https://registry.npmjs.org/
26 silly mapToRegistry data Result {
26 silly mapToRegistry   raw: 'rn-search-bar',
26 silly mapToRegistry   scope: null,
26 silly mapToRegistry   name: 'rn-search-bar',
26 silly mapToRegistry   rawSpec: '',
26 silly mapToRegistry   spec: 'latest',
26 silly mapToRegistry   type: 'tag' }
27 silly mapToRegistry uri https://registry.npmjs.org/rn-search-bar
28 verbose publish registryBase https://registry.npmjs.org/
29 silly publish uploading /Users/danparker/.npm/rn-search-bar/1.0.0/package.tgz
30 verbose request uri https://registry.npmjs.org/rn-search-bar
31 verbose request sending authorization for write operation
32 info attempt registry request try #1 at 12:56:40 PM
33 verbose request using bearer token for auth
34 verbose request id 0c68a1d470726226
35 http request PUT https://registry.npmjs.org/rn-search-bar
36 http 403 https://registry.npmjs.org/rn-search-bar
37 verbose headers { 'content-type': 'application/json',
37 verbose headers   'cache-control': 'max-age=300',
37 verbose headers   'content-length': '95',
37 verbose headers   'accept-ranges': 'bytes',
37 verbose headers   date: 'Fri, 07 Oct 2016 17:56:42 GMT',
37 verbose headers   via: '1.1 varnish',
37 verbose headers   connection: 'keep-alive',
37 verbose headers   'x-served-by': 'cache-ord1741-ORD',
37 verbose headers   'x-cache': 'MISS',
37 verbose headers   'x-cache-hits': '0',
37 verbose headers   'x-timer': 'S1475863001.241711,VS0,VE803',
37 verbose headers   vary: 'Accept-Encoding' }
38 verbose request invalidating /Users/danparker/.npm/registry.npmjs.org/rn-search-bar on PUT
39 error publish Failed PUT 403
40 verbose stack Error: "You cannot publish over the previously published version 1.0.0." : rn-search-bar
40 verbose stack     at makeError (/usr/local/lib/node_modules/npm/node_modules/npm-registry-client/lib/request.js:264:12)
40 verbose stack     at CachingRegistryClient.<anonymous> (/usr/local/lib/node_modules/npm/node_modules/npm-registry-client/lib/request.js:252:14)
40 verbose stack     at Request._callback (/usr/local/lib/node_modules/npm/node_modules/npm-registry-client/lib/request.js:172:14)
40 verbose stack     at Request.self.callback (/usr/local/lib/node_modules/npm/node_modules/request/request.js:199:22)
40 verbose stack     at emitTwo (events.js:100:13)
40 verbose stack     at Request.emit (events.js:185:7)
40 verbose stack     at Request.<anonymous> (/usr/local/lib/node_modules/npm/node_modules/request/request.js:1036:10)
40 verbose stack     at emitOne (events.js:95:20)
40 verbose stack     at Request.emit (events.js:182:7)
40 verbose stack     at IncomingMessage.<anonymous> (/usr/local/lib/node_modules/npm/node_modules/request/request.js:963:12)
41 verbose statusCode 403
42 verbose pkgid rn-search-bar
43 verbose cwd /Users/danparker/rn-search-bar
44 error Darwin 16.0.0
45 error argv "/usr/local/Cellar/node/5.10.0/bin/node" "/usr/local/bin/npm" "publish"
46 error node v5.10.0
47 error npm  v3.8.3
48 error code E403
49 error "You cannot publish over the previously published version 1.0.0." : rn-search-bar
50 error If you need help, you may report this error at:
50 error     <https://github.com/npm/npm/issues>
51 verbose exit [ 1, true ]
